-------------------------------------------------------------------------------
Test set: jplurk.test.JPlurkRegressionTest
-------------------------------------------------------------------------------
Tests run: 1, Failures: 0, Errors: 1, Skipped: 0, Time elapsed: 0.084 sec <<< FAILURE!
testJPlurk(jplurk.test.JPlurkRegressionTest)  Time elapsed: 0.005 sec  <<< ERROR!
java.lang.Error: Unresolved compilation problem: 
	Qualifier cannot be resolved

	at jplurk.test.JPlurkRegressionTest.testJPlurk(JPlurkRegressionTest.java:40)

