<?xml version="1.0" encoding="UTF-8" ?>
<testsuite failures="0" time="0.077" errors="1" skipped="0" tests="1" name="jplurk.test.JPlurkRegressionTest">
  <properties>
[...]
</properties>
  <testcase time="0.003" classname="jplurk.test.JPlurkRegressionTest" name="testJPlurk">
    <error message="Unresolved compilation problem: 
	Qualifier cannot be resolved
" type="java.lang.Error">java.lang.Error: Unresolved compilation problem: 
	Qualifier cannot be resolved

	at jplurk.test.JPlurkRegressionTest.testJPlurk(JPlurkRegressionTest.java:40)
</error>
  </testcase>
</testsuite>